Command line:
   tb_control_isim_beh.exe
     -simmode  gui
     -simrunnum  0
     -socket  44983

Sat Dec 15 15:00:24 2018


 Elaboration Time: 0.01 sec

 Current Memory Usage: 184.058 Meg

 Total Signals          : 13
 Total Nets             : 13
 Total Signal Drivers   : 7
 Total Blocks           : 4
 Total Primitive Blocks : 3
 Total Processes        : 3
 Total Traceable Variables  : 14
 Total Scalar Nets and Variables : 497
Total Line Count : 84

 Total Simulation Time: 0.02 sec

 Current Memory Usage: 259.559 Meg

Sat Dec 15 15:05:14 2018

