--------------------------------------------------------------------------------
Release 14.7 Trace  (lin64)
Copyright (c) 1995-2013 Xilinx, Inc.  All rights reserved.

/opt/Xilinx/14.7/ISE_DS/ISE/bin/lin64/unwrapped/trce -intstyle ise -v 3 -s 4 -n
3 -fastpaths -xml idea_com.twx idea_com.ncd -o idea_com.twr idea_com.pcf -ucf
idea_hw.ucf

Design file:              idea_com.ncd
Physical constraint file: idea_com.pcf
Device,package,speed:     xc3s500e,fg320,-4 (PRODUCTION 1.27 2013-10-13)
Report level:             verbose report

Environment Variable      Effect 
--------------------      ------ 
NONE                      No environment variables were set
--------------------------------------------------------------------------------

INFO:Timing:3412 - To improve timing, see the Timing Closure User Guide (UG612).
INFO:Timing:2752 - To get complete path coverage, use the unconstrained paths 
   option. All paths that are not constrained will be reported in the 
   unconstrained paths section(s) of the report.
INFO:Timing:3339 - The clock-to-out numbers in this timing report are based on 
   a 50 Ohm transmission line loading model.  For the details of this model, 
   and for more information on accounting for different loading conditions, 
   please see the device datasheet.
INFO:Timing:3390 - This architecture does not support a default System Jitter 
   value, please add SYSTEM_JITTER constraint to the UCF to modify the Clock 
   Uncertainty calculation.
INFO:Timing:3389 - This architecture does not support 'Discrete Jitter' and 
   'Phase Error' calculations, these terms will be zero in the Clock 
   Uncertainty calculation.  Please make appropriate modification to 
   SYSTEM_JITTER to account for the unsupported Discrete Jitter and Phase 
   Error.

================================================================================
Timing constraint: NET "Clk_BUFGP/IBUFG" PERIOD = 20 ns HIGH 40%;
For more information, see Period Analysis in the Timing Closure User Guide (UG612).

 2607 paths analyzed, 112 endpoints analyzed, 0 failing endpoints
 0 timing errors detected. (0 setup errors, 0 hold errors, 0 component switching limit errors)
 Minimum period is   7.429ns.
--------------------------------------------------------------------------------

Paths for end point clk_div_1/counter_4 (SLICE_X45Y72.SR), 63 paths
--------------------------------------------------------------------------------
Slack (setup path):     12.571ns (requirement - (data path - clock path skew + uncertainty))
  Source:               clk_div_1/counter_7 (FF)
  Destination:          clk_div_1/counter_4 (FF)
  Requirement:          20.000ns
  Data Path Delay:      7.429ns (Levels of Logic = 5)
  Clock Path Skew:      0.000ns
  Source Clock:         Clk_BUFGP rising at 0.000ns
  Destination Clock:    Clk_BUFGP rising at 20.000ns
  Clock Uncertainty:    0.000ns

  Maximum Data Path: clk_div_1/counter_7 to clk_div_1/counter_4
    Location             Delay type         Delay(ns)  Physical Resource
                                                       Logical Resource(s)
    -------------------------------------------------  -------------------
    SLICE_X45Y73.YQ      Tcko                  0.587   clk_div_1/counter<6>
                                                       clk_div_1/counter_7
    SLICE_X44Y75.G1      net (fanout=3)        1.346   clk_div_1/counter<7>
    SLICE_X44Y75.COUT    Topcyg                1.131   clk_div_1/Mcompar_CLK_OUT_cmp_lt0001_cy<5>1
                                                       clk_div_1/Mcompar_CLK_OUT_cmp_lt0001_lut<5>1
                                                       clk_div_1/Mcompar_CLK_OUT_cmp_lt0001_cy<5>_0
    SLICE_X44Y76.CIN     net (fanout=1)        0.000   clk_div_1/Mcompar_CLK_OUT_cmp_lt0001_cy<5>1
    SLICE_X44Y76.COUT    Tbyp                  0.130   clk_div_1/Mcompar_CLK_OUT_cmp_lt0001_cy<7>1
                                                       clk_div_1/Mcompar_CLK_OUT_cmp_lt0001_cy<6>_0
                                                       clk_div_1/Mcompar_CLK_OUT_cmp_lt0001_cy<7>_0
    SLICE_X44Y77.CIN     net (fanout=1)        0.000   clk_div_1/Mcompar_CLK_OUT_cmp_lt0001_cy<7>1
    SLICE_X44Y77.COUT    Tbyp                  0.130   clk_div_1/Mcompar_CLK_OUT_cmp_lt0001_cy<9>1
                                                       clk_div_1/Mcompar_CLK_OUT_cmp_lt0001_cy<8>_0
                                                       clk_div_1/Mcompar_CLK_OUT_cmp_lt0001_cy<9>_0
    SLICE_X44Y78.CIN     net (fanout=1)        0.000   clk_div_1/Mcompar_CLK_OUT_cmp_lt0001_cy<9>1
    SLICE_X44Y78.COUT    Tbyp                  0.130   clk_div_1/Mcompar_CLK_OUT_cmp_lt0001_cy<11>1
                                                       clk_div_1/Mcompar_CLK_OUT_cmp_lt0001_cy<10>_0
                                                       clk_div_1/Mcompar_CLK_OUT_cmp_lt0001_cy<11>_0
    SLICE_X44Y80.G1      net (fanout=2)        0.802   clk_div_1/Mcompar_CLK_OUT_cmp_lt0001_cy<11>1
    SLICE_X44Y80.Y       Tilo                  0.759   clk_div_1/counter_and0000
                                                       clk_div_1/counter_and00001
    SLICE_X45Y72.SR      net (fanout=16)       1.504   clk_div_1/counter_and0000
    SLICE_X45Y72.CLK     Tsrck                 0.910   clk_div_1/counter<4>
                                                       clk_div_1/counter_4
    -------------------------------------------------  ---------------------------
    Total                                      7.429ns (3.777ns logic, 3.652ns route)
                                                       (50.8% logic, 49.2% route)

--------------------------------------------------------------------------------
Slack (setup path):     12.944ns (requirement - (data path - clock path skew + uncertainty))
  Source:               clk_div_1/counter_0 (FF)
  Destination:          clk_div_1/counter_4 (FF)
  Requirement:          20.000ns
  Data Path Delay:      7.055ns (Levels of Logic = 7)
  Clock Path Skew:      -0.001ns (0.005 - 0.006)
  Source Clock:         Clk_BUFGP rising at 0.000ns
  Destination Clock:    Clk_BUFGP rising at 20.000ns
  Clock Uncertainty:    0.000ns

  Maximum Data Path: clk_div_1/counter_0 to clk_div_1/counter_4
    Location             Delay type         Delay(ns)  Physical Resource
                                                       Logical Resource(s)
    -------------------------------------------------  -------------------
    SLICE_X45Y70.XQ      Tcko                  0.591   clk_div_1/counter<0>
                                                       clk_div_1/counter_0
    SLICE_X44Y73.F2      net (fanout=2)        0.677   clk_div_1/counter<0>
    SLICE_X44Y73.COUT    Topcyf                1.162   clk_div_1/Mcompar_CLK_OUT_cmp_lt0001_cy<1>1
                                                       clk_div_1/counter<0>_rt
                                                       clk_div_1/Mcompar_CLK_OUT_cmp_lt0001_cy<0>_0
                                                       clk_div_1/Mcompar_CLK_OUT_cmp_lt0001_cy<1>_0
    SLICE_X44Y74.CIN     net (fanout=1)        0.000   clk_div_1/Mcompar_CLK_OUT_cmp_lt0001_cy<1>1
    SLICE_X44Y74.COUT    Tbyp                  0.130   clk_div_1/Mcompar_CLK_OUT_cmp_lt0001_cy<3>1
                                                       clk_div_1/Mcompar_CLK_OUT_cmp_lt0001_cy<2>_0
                                                       clk_div_1/Mcompar_CLK_OUT_cmp_lt0001_cy<3>_0
    SLICE_X44Y75.CIN     net (fanout=1)        0.000   clk_div_1/Mcompar_CLK_OUT_cmp_lt0001_cy<3>1
    SLICE_X44Y75.COUT    Tbyp                  0.130   clk_div_1/Mcompar_CLK_OUT_cmp_lt0001_cy<5>1
                                                       clk_div_1/Mcompar_CLK_OUT_cmp_lt0001_cy<4>_0
                                                       clk_div_1/Mcompar_CLK_OUT_cmp_lt0001_cy<5>_0
    SLICE_X44Y76.CIN     net (fanout=1)        0.000   clk_div_1/Mcompar_CLK_OUT_cmp_lt0001_cy<5>1
    SLICE_X44Y76.COUT    Tbyp                  0.130   clk_div_1/Mcompar_CLK_OUT_cmp_lt0001_cy<7>1
                                                       clk_div_1/Mcompar_CLK_OUT_cmp_lt0001_cy<6>_0
                                                       clk_div_1/Mcompar_CLK_OUT_cmp_lt0001_cy<7>_0
    SLICE_X44Y77.CIN     net (fanout=1)        0.000   clk_div_1/Mcompar_CLK_OUT_cmp_lt0001_cy<7>1
    SLICE_X44Y77.COUT    Tbyp                  0.130   clk_div_1/Mcompar_CLK_OUT_cmp_lt0001_cy<9>1
                                                       clk_div_1/Mcompar_CLK_OUT_cmp_lt0001_cy<8>_0
                                                       clk_div_1/Mcompar_CLK_OUT_cmp_lt0001_cy<9>_0
    SLICE_X44Y78.CIN     net (fanout=1)        0.000   clk_div_1/Mcompar_CLK_OUT_cmp_lt0001_cy<9>1
    SLICE_X44Y78.COUT    Tbyp                  0.130   clk_div_1/Mcompar_CLK_OUT_cmp_lt0001_cy<11>1
                                                       clk_div_1/Mcompar_CLK_OUT_cmp_lt0001_cy<10>_0
                                                       clk_div_1/Mcompar_CLK_OUT_cmp_lt0001_cy<11>_0
    SLICE_X44Y80.G1      net (fanout=2)        0.802   clk_div_1/Mcompar_CLK_OUT_cmp_lt0001_cy<11>1
    SLICE_X44Y80.Y       Tilo                  0.759   clk_div_1/counter_and0000
                                                       clk_div_1/counter_and00001
    SLICE_X45Y72.SR      net (fanout=16)       1.504   clk_div_1/counter_and0000
    SLICE_X45Y72.CLK     Tsrck                 0.910   clk_div_1/counter<4>
                                                       clk_div_1/counter_4
    -------------------------------------------------  ---------------------------
    Total                                      7.055ns (4.072ns logic, 2.983ns route)
                                                       (57.7% logic, 42.3% route)

--------------------------------------------------------------------------------
Slack (setup path):     12.995ns (requirement - (data path - clock path skew + uncertainty))
  Source:               clk_div_1/counter_3 (FF)
  Destination:          clk_div_1/counter_4 (FF)
  Requirement:          20.000ns
  Data Path Delay:      7.004ns (Levels of Logic = 7)
  Clock Path Skew:      -0.001ns (0.005 - 0.006)
  Source Clock:         Clk_BUFGP rising at 0.000ns
  Destination Clock:    Clk_BUFGP rising at 20.000ns
  Clock Uncertainty:    0.000ns

  Maximum Data Path: clk_div_1/counter_3 to clk_div_1/counter_4
    Location             Delay type         Delay(ns)  Physical Resource
                                                       Logical Resource(s)
    -------------------------------------------------  -------------------
    SLICE_X45Y71.YQ      Tcko                  0.587   clk_div_1/counter<2>
                                                       clk_div_1/counter_3
    SLICE_X47Y73.G4      net (fanout=3)        0.997   clk_div_1/counter<3>
    SLICE_X47Y73.COUT    Topcyg                1.001   clk_div_1/Mcompar_CLK_OUT_cmp_lt0001_cy<1>
                                                       clk_div_1/Mcompar_CLK_OUT_cmp_lt0001_lut<1>
                                                       clk_div_1/Mcompar_CLK_OUT_cmp_lt0001_cy<1>
    SLICE_X47Y74.CIN     net (fanout=1)        0.000   clk_div_1/Mcompar_CLK_OUT_cmp_lt0001_cy<1>
    SLICE_X47Y74.COUT    Tbyp                  0.118   clk_div_1/Mcompar_CLK_OUT_cmp_lt0001_cy<3>
                                                       clk_div_1/Mcompar_CLK_OUT_cmp_lt0001_cy<2>
                                                       clk_div_1/Mcompar_CLK_OUT_cmp_lt0001_cy<3>
    SLICE_X47Y75.CIN     net (fanout=1)        0.000   clk_div_1/Mcompar_CLK_OUT_cmp_lt0001_cy<3>
    SLICE_X47Y75.COUT    Tbyp                  0.118   clk_div_1/Mcompar_CLK_OUT_cmp_lt0001_cy<5>
                                                       clk_div_1/Mcompar_CLK_OUT_cmp_lt0001_cy<4>
                                                       clk_div_1/Mcompar_CLK_OUT_cmp_lt0001_cy<5>
    SLICE_X47Y76.CIN     net (fanout=1)        0.000   clk_div_1/Mcompar_CLK_OUT_cmp_lt0001_cy<5>
    SLICE_X47Y76.COUT    Tbyp                  0.118   clk_div_1/Mcompar_CLK_OUT_cmp_lt0001_cy<7>
                                                       clk_div_1/Mcompar_CLK_OUT_cmp_lt0001_cy<6>
                                                       clk_div_1/Mcompar_CLK_OUT_cmp_lt0001_cy<7>
    SLICE_X47Y77.CIN     net (fanout=1)        0.000   clk_div_1/Mcompar_CLK_OUT_cmp_lt0001_cy<7>
    SLICE_X47Y77.COUT    Tbyp                  0.118   clk_div_1/Mcompar_CLK_OUT_cmp_lt0001_cy<9>
                                                       clk_div_1/Mcompar_CLK_OUT_cmp_lt0001_cy<8>
                                                       clk_div_1/Mcompar_CLK_OUT_cmp_lt0001_cy<9>
    SLICE_X47Y78.CIN     net (fanout=1)        0.000   clk_div_1/Mcompar_CLK_OUT_cmp_lt0001_cy<9>
    SLICE_X47Y78.COUT    Tbyp                  0.118   clk_div_1/Mcompar_CLK_OUT_cmp_lt0001_cy<11>
                                                       clk_div_1/Mcompar_CLK_OUT_cmp_lt0001_cy<10>
                                                       clk_div_1/Mcompar_CLK_OUT_cmp_lt0001_cy<11>
    SLICE_X44Y80.G4      net (fanout=2)        0.656   clk_div_1/Mcompar_CLK_OUT_cmp_lt0001_cy<11>
    SLICE_X44Y80.Y       Tilo                  0.759   clk_div_1/counter_and0000
                                                       clk_div_1/counter_and00001
    SLICE_X45Y72.SR      net (fanout=16)       1.504   clk_div_1/counter_and0000
    SLICE_X45Y72.CLK     Tsrck                 0.910   clk_div_1/counter<4>
                                                       clk_div_1/counter_4
    -------------------------------------------------  ---------------------------
    Total                                      7.004ns (3.847ns logic, 3.157ns route)
                                                       (54.9% logic, 45.1% route)

--------------------------------------------------------------------------------

Paths for end point clk_div_1/counter_5 (SLICE_X45Y72.SR), 63 paths
--------------------------------------------------------------------------------
Slack (setup path):     12.571ns (requirement - (data path - clock path skew + uncertainty))
  Source:               clk_div_1/counter_7 (FF)
  Destination:          clk_div_1/counter_5 (FF)
  Requirement:          20.000ns
  Data Path Delay:      7.429ns (Levels of Logic = 5)
  Clock Path Skew:      0.000ns
  Source Clock:         Clk_BUFGP rising at 0.000ns
  Destination Clock:    Clk_BUFGP rising at 20.000ns
  Clock Uncertainty:    0.000ns

  Maximum Data Path: clk_div_1/counter_7 to clk_div_1/counter_5
    Location             Delay type         Delay(ns)  Physical Resource
                                                       Logical Resource(s)
    -------------------------------------------------  -------------------
    SLICE_X45Y73.YQ      Tcko                  0.587   clk_div_1/counter<6>
                                                       clk_div_1/counter_7
    SLICE_X44Y75.G1      net (fanout=3)        1.346   clk_div_1/counter<7>
    SLICE_X44Y75.COUT    Topcyg                1.131   clk_div_1/Mcompar_CLK_OUT_cmp_lt0001_cy<5>1
                                                       clk_div_1/Mcompar_CLK_OUT_cmp_lt0001_lut<5>1
                                                       clk_div_1/Mcompar_CLK_OUT_cmp_lt0001_cy<5>_0
    SLICE_X44Y76.CIN     net (fanout=1)        0.000   clk_div_1/Mcompar_CLK_OUT_cmp_lt0001_cy<5>1
    SLICE_X44Y76.COUT    Tbyp                  0.130   clk_div_1/Mcompar_CLK_OUT_cmp_lt0001_cy<7>1
                                                       clk_div_1/Mcompar_CLK_OUT_cmp_lt0001_cy<6>_0
                                                       clk_div_1/Mcompar_CLK_OUT_cmp_lt0001_cy<7>_0
    SLICE_X44Y77.CIN     net (fanout=1)        0.000   clk_div_1/Mcompar_CLK_OUT_cmp_lt0001_cy<7>1
    SLICE_X44Y77.COUT    Tbyp                  0.130   clk_div_1/Mcompar_CLK_OUT_cmp_lt0001_cy<9>1
                                                       clk_div_1/Mcompar_CLK_OUT_cmp_lt0001_cy<8>_0
                                                       clk_div_1/Mcompar_CLK_OUT_cmp_lt0001_cy<9>_0
    SLICE_X44Y78.CIN     net (fanout=1)        0.000   clk_div_1/Mcompar_CLK_OUT_cmp_lt0001_cy<9>1
    SLICE_X44Y78.COUT    Tbyp                  0.130   clk_div_1/Mcompar_CLK_OUT_cmp_lt0001_cy<11>1
                                                       clk_div_1/Mcompar_CLK_OUT_cmp_lt0001_cy<10>_0
                                                       clk_div_1/Mcompar_CLK_OUT_cmp_lt0001_cy<11>_0
    SLICE_X44Y80.G1      net (fanout=2)        0.802   clk_div_1/Mcompar_CLK_OUT_cmp_lt0001_cy<11>1
    SLICE_X44Y80.Y       Tilo                  0.759   clk_div_1/counter_and0000
                                                       clk_div_1/counter_and00001
    SLICE_X45Y72.SR      net (fanout=16)       1.504   clk_div_1/counter_and0000
    SLICE_X45Y72.CLK     Tsrck                 0.910   clk_div_1/counter<4>
                                                       clk_div_1/counter_5
    -------------------------------------------------  ---------------------------
    Total                                      7.429ns (3.777ns logic, 3.652ns route)
                                                       (50.8% logic, 49.2% route)

--------------------------------------------------------------------------------
Slack (setup path):     12.944ns (requirement - (data path - clock path skew + uncertainty))
  Source:               clk_div_1/counter_0 (FF)
  Destination:          clk_div_1/counter_5 (FF)
  Requirement:          20.000ns
  Data Path Delay:      7.055ns (Levels of Logic = 7)
  Clock Path Skew:      -0.001ns (0.005 - 0.006)
  Source Clock:         Clk_BUFGP rising at 0.000ns
  Destination Clock:    Clk_BUFGP rising at 20.000ns
  Clock Uncertainty:    0.000ns

  Maximum Data Path: clk_div_1/counter_0 to clk_div_1/counter_5
    Location             Delay type         Delay(ns)  Physical Resource
                                                       Logical Resource(s)
    -------------------------------------------------  -------------------
    SLICE_X45Y70.XQ      Tcko                  0.591   clk_div_1/counter<0>
                                                       clk_div_1/counter_0
    SLICE_X44Y73.F2      net (fanout=2)        0.677   clk_div_1/counter<0>
    SLICE_X44Y73.COUT    Topcyf                1.162   clk_div_1/Mcompar_CLK_OUT_cmp_lt0001_cy<1>1
                                                       clk_div_1/counter<0>_rt
                                                       clk_div_1/Mcompar_CLK_OUT_cmp_lt0001_cy<0>_0
                                                       clk_div_1/Mcompar_CLK_OUT_cmp_lt0001_cy<1>_0
    SLICE_X44Y74.CIN     net (fanout=1)        0.000   clk_div_1/Mcompar_CLK_OUT_cmp_lt0001_cy<1>1
    SLICE_X44Y74.COUT    Tbyp                  0.130   clk_div_1/Mcompar_CLK_OUT_cmp_lt0001_cy<3>1
                                                       clk_div_1/Mcompar_CLK_OUT_cmp_lt0001_cy<2>_0
                                                       clk_div_1/Mcompar_CLK_OUT_cmp_lt0001_cy<3>_0
    SLICE_X44Y75.CIN     net (fanout=1)        0.000   clk_div_1/Mcompar_CLK_OUT_cmp_lt0001_cy<3>1
    SLICE_X44Y75.COUT    Tbyp                  0.130   clk_div_1/Mcompar_CLK_OUT_cmp_lt0001_cy<5>1
                                                       clk_div_1/Mcompar_CLK_OUT_cmp_lt0001_cy<4>_0
                                                       clk_div_1/Mcompar_CLK_OUT_cmp_lt0001_cy<5>_0
    SLICE_X44Y76.CIN     net (fanout=1)        0.000   clk_div_1/Mcompar_CLK_OUT_cmp_lt0001_cy<5>1
    SLICE_X44Y76.COUT    Tbyp                  0.130   clk_div_1/Mcompar_CLK_OUT_cmp_lt0001_cy<7>1
                                                       clk_div_1/Mcompar_CLK_OUT_cmp_lt0001_cy<6>_0
                                                       clk_div_1/Mcompar_CLK_OUT_cmp_lt0001_cy<7>_0
    SLICE_X44Y77.CIN     net (fanout=1)        0.000   clk_div_1/Mcompar_CLK_OUT_cmp_lt0001_cy<7>1
    SLICE_X44Y77.COUT    Tbyp                  0.130   clk_div_1/Mcompar_CLK_OUT_cmp_lt0001_cy<9>1
                                                       clk_div_1/Mcompar_CLK_OUT_cmp_lt0001_cy<8>_0
                                                       clk_div_1/Mcompar_CLK_OUT_cmp_lt0001_cy<9>_0
    SLICE_X44Y78.CIN     net (fanout=1)        0.000   clk_div_1/Mcompar_CLK_OUT_cmp_lt0001_cy<9>1
    SLICE_X44Y78.COUT    Tbyp                  0.130   clk_div_1/Mcompar_CLK_OUT_cmp_lt0001_cy<11>1
                                                       clk_div_1/Mcompar_CLK_OUT_cmp_lt0001_cy<10>_0
                                                       clk_div_1/Mcompar_CLK_OUT_cmp_lt0001_cy<11>_0
    SLICE_X44Y80.G1      net (fanout=2)        0.802   clk_div_1/Mcompar_CLK_OUT_cmp_lt0001_cy<11>1
    SLICE_X44Y80.Y       Tilo                  0.759   clk_div_1/counter_and0000
                                                       clk_div_1/counter_and00001
    SLICE_X45Y72.SR      net (fanout=16)       1.504   clk_div_1/counter_and0000
    SLICE_X45Y72.CLK     Tsrck                 0.910   clk_div_1/counter<4>
                                                       clk_div_1/counter_5
    -------------------------------------------------  ---------------------------
    Total                                      7.055ns (4.072ns logic, 2.983ns route)
                                                       (57.7% logic, 42.3% route)

--------------------------------------------------------------------------------
Slack (setup path):     12.995ns (requirement - (data path - clock path skew + uncertainty))
  Source:               clk_div_1/counter_3 (FF)
  Destination:          clk_div_1/counter_5 (FF)
  Requirement:          20.000ns
  Data Path Delay:      7.004ns (Levels of Logic = 7)
  Clock Path Skew:      -0.001ns (0.005 - 0.006)
  Source Clock:         Clk_BUFGP rising at 0.000ns
  Destination Clock:    Clk_BUFGP rising at 20.000ns
  Clock Uncertainty:    0.000ns

  Maximum Data Path: clk_div_1/counter_3 to clk_div_1/counter_5
    Location             Delay type         Delay(ns)  Physical Resource
                                                       Logical Resource(s)
    -------------------------------------------------  -------------------
    SLICE_X45Y71.YQ      Tcko                  0.587   clk_div_1/counter<2>
                                                       clk_div_1/counter_3
    SLICE_X47Y73.G4      net (fanout=3)        0.997   clk_div_1/counter<3>
    SLICE_X47Y73.COUT    Topcyg                1.001   clk_div_1/Mcompar_CLK_OUT_cmp_lt0001_cy<1>
                                                       clk_div_1/Mcompar_CLK_OUT_cmp_lt0001_lut<1>
                                                       clk_div_1/Mcompar_CLK_OUT_cmp_lt0001_cy<1>
    SLICE_X47Y74.CIN     net (fanout=1)        0.000   clk_div_1/Mcompar_CLK_OUT_cmp_lt0001_cy<1>
    SLICE_X47Y74.COUT    Tbyp                  0.118   clk_div_1/Mcompar_CLK_OUT_cmp_lt0001_cy<3>
                                                       clk_div_1/Mcompar_CLK_OUT_cmp_lt0001_cy<2>
                                                       clk_div_1/Mcompar_CLK_OUT_cmp_lt0001_cy<3>
    SLICE_X47Y75.CIN     net (fanout=1)        0.000   clk_div_1/Mcompar_CLK_OUT_cmp_lt0001_cy<3>
    SLICE_X47Y75.COUT    Tbyp                  0.118   clk_div_1/Mcompar_CLK_OUT_cmp_lt0001_cy<5>
                                                       clk_div_1/Mcompar_CLK_OUT_cmp_lt0001_cy<4>
                                                       clk_div_1/Mcompar_CLK_OUT_cmp_lt0001_cy<5>
    SLICE_X47Y76.CIN     net (fanout=1)        0.000   clk_div_1/Mcompar_CLK_OUT_cmp_lt0001_cy<5>
    SLICE_X47Y76.COUT    Tbyp                  0.118   clk_div_1/Mcompar_CLK_OUT_cmp_lt0001_cy<7>
                                                       clk_div_1/Mcompar_CLK_OUT_cmp_lt0001_cy<6>
                                                       clk_div_1/Mcompar_CLK_OUT_cmp_lt0001_cy<7>
    SLICE_X47Y77.CIN     net (fanout=1)        0.000   clk_div_1/Mcompar_CLK_OUT_cmp_lt0001_cy<7>
    SLICE_X47Y77.COUT    Tbyp                  0.118   clk_div_1/Mcompar_CLK_OUT_cmp_lt0001_cy<9>
                                                       clk_div_1/Mcompar_CLK_OUT_cmp_lt0001_cy<8>
                                                       clk_div_1/Mcompar_CLK_OUT_cmp_lt0001_cy<9>
    SLICE_X47Y78.CIN     net (fanout=1)        0.000   clk_div_1/Mcompar_CLK_OUT_cmp_lt0001_cy<9>
    SLICE_X47Y78.COUT    Tbyp                  0.118   clk_div_1/Mcompar_CLK_OUT_cmp_lt0001_cy<11>
                                                       clk_div_1/Mcompar_CLK_OUT_cmp_lt0001_cy<10>
                                                       clk_div_1/Mcompar_CLK_OUT_cmp_lt0001_cy<11>
    SLICE_X44Y80.G4      net (fanout=2)        0.656   clk_div_1/Mcompar_CLK_OUT_cmp_lt0001_cy<11>
    SLICE_X44Y80.Y       Tilo                  0.759   clk_div_1/counter_and0000
                                                       clk_div_1/counter_and00001
    SLICE_X45Y72.SR      net (fanout=16)       1.504   clk_div_1/counter_and0000
    SLICE_X45Y72.CLK     Tsrck                 0.910   clk_div_1/counter<4>
                                                       clk_div_1/counter_5
    -------------------------------------------------  ---------------------------
    Total                                      7.004ns (3.847ns logic, 3.157ns route)
                                                       (54.9% logic, 45.1% route)

--------------------------------------------------------------------------------

Paths for end point clk_div_1/counter_6 (SLICE_X45Y73.SR), 63 paths
--------------------------------------------------------------------------------
Slack (setup path):     12.571ns (requirement - (data path - clock path skew + uncertainty))
  Source:               clk_div_1/counter_7 (FF)
  Destination:          clk_div_1/counter_6 (FF)
  Requirement:          20.000ns
  Data Path Delay:      7.429ns (Levels of Logic = 5)
  Clock Path Skew:      0.000ns
  Source Clock:         Clk_BUFGP rising at 0.000ns
  Destination Clock:    Clk_BUFGP rising at 20.000ns
  Clock Uncertainty:    0.000ns

  Maximum Data Path: clk_div_1/counter_7 to clk_div_1/counter_6
    Location             Delay type         Delay(ns)  Physical Resource
                                                       Logical Resource(s)
    -------------------------------------------------  -------------------
    SLICE_X45Y73.YQ      Tcko                  0.587   clk_div_1/counter<6>
                                                       clk_div_1/counter_7
    SLICE_X44Y75.G1      net (fanout=3)        1.346   clk_div_1/counter<7>
    SLICE_X44Y75.COUT    Topcyg                1.131   clk_div_1/Mcompar_CLK_OUT_cmp_lt0001_cy<5>1
                                                       clk_div_1/Mcompar_CLK_OUT_cmp_lt0001_lut<5>1
                                                       clk_div_1/Mcompar_CLK_OUT_cmp_lt0001_cy<5>_0
    SLICE_X44Y76.CIN     net (fanout=1)        0.000   clk_div_1/Mcompar_CLK_OUT_cmp_lt0001_cy<5>1
    SLICE_X44Y76.COUT    Tbyp                  0.130   clk_div_1/Mcompar_CLK_OUT_cmp_lt0001_cy<7>1
                                                       clk_div_1/Mcompar_CLK_OUT_cmp_lt0001_cy<6>_0
                                                       clk_div_1/Mcompar_CLK_OUT_cmp_lt0001_cy<7>_0
    SLICE_X44Y77.CIN     net (fanout=1)        0.000   clk_div_1/Mcompar_CLK_OUT_cmp_lt0001_cy<7>1
    SLICE_X44Y77.COUT    Tbyp                  0.130   clk_div_1/Mcompar_CLK_OUT_cmp_lt0001_cy<9>1
                                                       clk_div_1/Mcompar_CLK_OUT_cmp_lt0001_cy<8>_0
                                                       clk_div_1/Mcompar_CLK_OUT_cmp_lt0001_cy<9>_0
    SLICE_X44Y78.CIN     net (fanout=1)        0.000   clk_div_1/Mcompar_CLK_OUT_cmp_lt0001_cy<9>1
    SLICE_X44Y78.COUT    Tbyp                  0.130   clk_div_1/Mcompar_CLK_OUT_cmp_lt0001_cy<11>1
                                                       clk_div_1/Mcompar_CLK_OUT_cmp_lt0001_cy<10>_0
                                                       clk_div_1/Mcompar_CLK_OUT_cmp_lt0001_cy<11>_0
    SLICE_X44Y80.G1      net (fanout=2)        0.802   clk_div_1/Mcompar_CLK_OUT_cmp_lt0001_cy<11>1
    SLICE_X44Y80.Y       Tilo                  0.759   clk_div_1/counter_and0000
                                                       clk_div_1/counter_and00001
    SLICE_X45Y73.SR      net (fanout=16)       1.504   clk_div_1/counter_and0000
    SLICE_X45Y73.CLK     Tsrck                 0.910   clk_div_1/counter<6>
                                                       clk_div_1/counter_6
    -------------------------------------------------  ---------------------------
    Total                                      7.429ns (3.777ns logic, 3.652ns route)
                                                       (50.8% logic, 49.2% route)

--------------------------------------------------------------------------------
Slack (setup path):     12.944ns (requirement - (data path - clock path skew + uncertainty))
  Source:               clk_div_1/counter_0 (FF)
  Destination:          clk_div_1/counter_6 (FF)
  Requirement:          20.000ns
  Data Path Delay:      7.055ns (Levels of Logic = 7)
  Clock Path Skew:      -0.001ns (0.005 - 0.006)
  Source Clock:         Clk_BUFGP rising at 0.000ns
  Destination Clock:    Clk_BUFGP rising at 20.000ns
  Clock Uncertainty:    0.000ns

  Maximum Data Path: clk_div_1/counter_0 to clk_div_1/counter_6
    Location             Delay type         Delay(ns)  Physical Resource
                                                       Logical Resource(s)
    -------------------------------------------------  -------------------
    SLICE_X45Y70.XQ      Tcko                  0.591   clk_div_1/counter<0>
                                                       clk_div_1/counter_0
    SLICE_X44Y73.F2      net (fanout=2)        0.677   clk_div_1/counter<0>
    SLICE_X44Y73.COUT    Topcyf                1.162   clk_div_1/Mcompar_CLK_OUT_cmp_lt0001_cy<1>1
                                                       clk_div_1/counter<0>_rt
                                                       clk_div_1/Mcompar_CLK_OUT_cmp_lt0001_cy<0>_0
                                                       clk_div_1/Mcompar_CLK_OUT_cmp_lt0001_cy<1>_0
    SLICE_X44Y74.CIN     net (fanout=1)        0.000   clk_div_1/Mcompar_CLK_OUT_cmp_lt0001_cy<1>1
    SLICE_X44Y74.COUT    Tbyp                  0.130   clk_div_1/Mcompar_CLK_OUT_cmp_lt0001_cy<3>1
                                                       clk_div_1/Mcompar_CLK_OUT_cmp_lt0001_cy<2>_0
                                                       clk_div_1/Mcompar_CLK_OUT_cmp_lt0001_cy<3>_0
    SLICE_X44Y75.CIN     net (fanout=1)        0.000   clk_div_1/Mcompar_CLK_OUT_cmp_lt0001_cy<3>1
    SLICE_X44Y75.COUT    Tbyp                  0.130   clk_div_1/Mcompar_CLK_OUT_cmp_lt0001_cy<5>1
                                                       clk_div_1/Mcompar_CLK_OUT_cmp_lt0001_cy<4>_0
                                                       clk_div_1/Mcompar_CLK_OUT_cmp_lt0001_cy<5>_0
    SLICE_X44Y76.CIN     net (fanout=1)        0.000   clk_div_1/Mcompar_CLK_OUT_cmp_lt0001_cy<5>1
    SLICE_X44Y76.COUT    Tbyp                  0.130   clk_div_1/Mcompar_CLK_OUT_cmp_lt0001_cy<7>1
                                                       clk_div_1/Mcompar_CLK_OUT_cmp_lt0001_cy<6>_0
                                                       clk_div_1/Mcompar_CLK_OUT_cmp_lt0001_cy<7>_0
    SLICE_X44Y77.CIN     net (fanout=1)        0.000   clk_div_1/Mcompar_CLK_OUT_cmp_lt0001_cy<7>1
    SLICE_X44Y77.COUT    Tbyp                  0.130   clk_div_1/Mcompar_CLK_OUT_cmp_lt0001_cy<9>1
                                                       clk_div_1/Mcompar_CLK_OUT_cmp_lt0001_cy<8>_0
                                                       clk_div_1/Mcompar_CLK_OUT_cmp_lt0001_cy<9>_0
    SLICE_X44Y78.CIN     net (fanout=1)        0.000   clk_div_1/Mcompar_CLK_OUT_cmp_lt0001_cy<9>1
    SLICE_X44Y78.COUT    Tbyp                  0.130   clk_div_1/Mcompar_CLK_OUT_cmp_lt0001_cy<11>1
                                                       clk_div_1/Mcompar_CLK_OUT_cmp_lt0001_cy<10>_0
                                                       clk_div_1/Mcompar_CLK_OUT_cmp_lt0001_cy<11>_0
    SLICE_X44Y80.G1      net (fanout=2)        0.802   clk_div_1/Mcompar_CLK_OUT_cmp_lt0001_cy<11>1
    SLICE_X44Y80.Y       Tilo                  0.759   clk_div_1/counter_and0000
                                                       clk_div_1/counter_and00001
    SLICE_X45Y73.SR      net (fanout=16)       1.504   clk_div_1/counter_and0000
    SLICE_X45Y73.CLK     Tsrck                 0.910   clk_div_1/counter<6>
                                                       clk_div_1/counter_6
    -------------------------------------------------  ---------------------------
    Total                                      7.055ns (4.072ns logic, 2.983ns route)
                                                       (57.7% logic, 42.3% route)

--------------------------------------------------------------------------------
Slack (setup path):     12.995ns (requirement - (data path - clock path skew + uncertainty))
  Source:               clk_div_1/counter_3 (FF)
  Destination:          clk_div_1/counter_6 (FF)
  Requirement:          20.000ns
  Data Path Delay:      7.004ns (Levels of Logic = 7)
  Clock Path Skew:      -0.001ns (0.005 - 0.006)
  Source Clock:         Clk_BUFGP rising at 0.000ns
  Destination Clock:    Clk_BUFGP rising at 20.000ns
  Clock Uncertainty:    0.000ns

  Maximum Data Path: clk_div_1/counter_3 to clk_div_1/counter_6
    Location             Delay type         Delay(ns)  Physical Resource
                                                       Logical Resource(s)
    -------------------------------------------------  -------------------
    SLICE_X45Y71.YQ      Tcko                  0.587   clk_div_1/counter<2>
                                                       clk_div_1/counter_3
    SLICE_X47Y73.G4      net (fanout=3)        0.997   clk_div_1/counter<3>
    SLICE_X47Y73.COUT    Topcyg                1.001   clk_div_1/Mcompar_CLK_OUT_cmp_lt0001_cy<1>
                                                       clk_div_1/Mcompar_CLK_OUT_cmp_lt0001_lut<1>
                                                       clk_div_1/Mcompar_CLK_OUT_cmp_lt0001_cy<1>
    SLICE_X47Y74.CIN     net (fanout=1)        0.000   clk_div_1/Mcompar_CLK_OUT_cmp_lt0001_cy<1>
    SLICE_X47Y74.COUT    Tbyp                  0.118   clk_div_1/Mcompar_CLK_OUT_cmp_lt0001_cy<3>
                                                       clk_div_1/Mcompar_CLK_OUT_cmp_lt0001_cy<2>
                                                       clk_div_1/Mcompar_CLK_OUT_cmp_lt0001_cy<3>
    SLICE_X47Y75.CIN     net (fanout=1)        0.000   clk_div_1/Mcompar_CLK_OUT_cmp_lt0001_cy<3>
    SLICE_X47Y75.COUT    Tbyp                  0.118   clk_div_1/Mcompar_CLK_OUT_cmp_lt0001_cy<5>
                                                       clk_div_1/Mcompar_CLK_OUT_cmp_lt0001_cy<4>
                                                       clk_div_1/Mcompar_CLK_OUT_cmp_lt0001_cy<5>
    SLICE_X47Y76.CIN     net (fanout=1)        0.000   clk_div_1/Mcompar_CLK_OUT_cmp_lt0001_cy<5>
    SLICE_X47Y76.COUT    Tbyp                  0.118   clk_div_1/Mcompar_CLK_OUT_cmp_lt0001_cy<7>
                                                       clk_div_1/Mcompar_CLK_OUT_cmp_lt0001_cy<6>
                                                       clk_div_1/Mcompar_CLK_OUT_cmp_lt0001_cy<7>
    SLICE_X47Y77.CIN     net (fanout=1)        0.000   clk_div_1/Mcompar_CLK_OUT_cmp_lt0001_cy<7>
    SLICE_X47Y77.COUT    Tbyp                  0.118   clk_div_1/Mcompar_CLK_OUT_cmp_lt0001_cy<9>
                                                       clk_div_1/Mcompar_CLK_OUT_cmp_lt0001_cy<8>
                                                       clk_div_1/Mcompar_CLK_OUT_cmp_lt0001_cy<9>
    SLICE_X47Y78.CIN     net (fanout=1)        0.000   clk_div_1/Mcompar_CLK_OUT_cmp_lt0001_cy<9>
    SLICE_X47Y78.COUT    Tbyp                  0.118   clk_div_1/Mcompar_CLK_OUT_cmp_lt0001_cy<11>
                                                       clk_div_1/Mcompar_CLK_OUT_cmp_lt0001_cy<10>
                                                       clk_div_1/Mcompar_CLK_OUT_cmp_lt0001_cy<11>
    SLICE_X44Y80.G4      net (fanout=2)        0.656   clk_div_1/Mcompar_CLK_OUT_cmp_lt0001_cy<11>
    SLICE_X44Y80.Y       Tilo                  0.759   clk_div_1/counter_and0000
                                                       clk_div_1/counter_and00001
    SLICE_X45Y73.SR      net (fanout=16)       1.504   clk_div_1/counter_and0000
    SLICE_X45Y73.CLK     Tsrck                 0.910   clk_div_1/counter<6>
                                                       clk_div_1/counter_6
    -------------------------------------------------  ---------------------------
    Total                                      7.004ns (3.847ns logic, 3.157ns route)
                                                       (54.9% logic, 45.1% route)

--------------------------------------------------------------------------------

Hold Paths: NET "Clk_BUFGP/IBUFG" PERIOD = 20 ns HIGH 40%;
--------------------------------------------------------------------------------

Paths for end point clk_div_1/counter_24 (SLICE_X45Y82.F4), 1 path
--------------------------------------------------------------------------------
Slack (hold path):      1.614ns (requirement - (clock path skew + uncertainty - data path))
  Source:               clk_div_1/counter_24 (FF)
  Destination:          clk_div_1/counter_24 (FF)
  Requirement:          0.000ns
  Data Path Delay:      1.614ns (Levels of Logic = 1)
  Clock Path Skew:      0.000ns
  Source Clock:         Clk_BUFGP rising at 20.000ns
  Destination Clock:    Clk_BUFGP rising at 20.000ns
  Clock Uncertainty:    0.000ns

  Minimum Data Path: clk_div_1/counter_24 to clk_div_1/counter_24
    Location             Delay type         Delay(ns)  Physical Resource
                                                       Logical Resource(s)
    -------------------------------------------------  -------------------
    SLICE_X45Y82.XQ      Tcko                  0.473   clk_div_1/counter<24>
                                                       clk_div_1/counter_24
    SLICE_X45Y82.F4      net (fanout=3)        0.340   clk_div_1/counter<24>
    SLICE_X45Y82.CLK     Tckf        (-Th)    -0.801   clk_div_1/counter<24>
                                                       clk_div_1/counter<24>_rt
                                                       clk_div_1/Mcount_counter_xor<24>
                                                       clk_div_1/counter_24
    -------------------------------------------------  ---------------------------
    Total                                      1.614ns (1.274ns logic, 0.340ns route)
                                                       (78.9% logic, 21.1% route)

--------------------------------------------------------------------------------

Paths for end point clk_div_1/counter_20 (SLICE_X45Y80.F3), 1 path
--------------------------------------------------------------------------------
Slack (hold path):      1.618ns (requirement - (clock path skew + uncertainty - data path))
  Source:               clk_div_1/counter_20 (FF)
  Destination:          clk_div_1/counter_20 (FF)
  Requirement:          0.000ns
  Data Path Delay:      1.618ns (Levels of Logic = 1)
  Clock Path Skew:      0.000ns
  Source Clock:         Clk_BUFGP rising at 20.000ns
  Destination Clock:    Clk_BUFGP rising at 20.000ns
  Clock Uncertainty:    0.000ns

  Minimum Data Path: clk_div_1/counter_20 to clk_div_1/counter_20
    Location             Delay type         Delay(ns)  Physical Resource
                                                       Logical Resource(s)
    -------------------------------------------------  -------------------
    SLICE_X45Y80.XQ      Tcko                  0.473   clk_div_1/counter<20>
                                                       clk_div_1/counter_20
    SLICE_X45Y80.F3      net (fanout=3)        0.344   clk_div_1/counter<20>
    SLICE_X45Y80.CLK     Tckf        (-Th)    -0.801   clk_div_1/counter<20>
                                                       clk_div_1/counter<20>_rt
                                                       clk_div_1/Mcount_counter_xor<20>
                                                       clk_div_1/counter_20
    -------------------------------------------------  ---------------------------
    Total                                      1.618ns (1.274ns logic, 0.344ns route)
                                                       (78.7% logic, 21.3% route)

--------------------------------------------------------------------------------

Paths for end point clk_div_1/counter_2 (SLICE_X45Y71.F3), 1 path
--------------------------------------------------------------------------------
Slack (hold path):      1.664ns (requirement - (clock path skew + uncertainty - data path))
  Source:               clk_div_1/counter_2 (FF)
  Destination:          clk_div_1/counter_2 (FF)
  Requirement:          0.000ns
  Data Path Delay:      1.664ns (Levels of Logic = 1)
  Clock Path Skew:      0.000ns
  Source Clock:         Clk_BUFGP rising at 20.000ns
  Destination Clock:    Clk_BUFGP rising at 20.000ns
  Clock Uncertainty:    0.000ns

  Minimum Data Path: clk_div_1/counter_2 to clk_div_1/counter_2
    Location             Delay type         Delay(ns)  Physical Resource
                                                       Logical Resource(s)
    -------------------------------------------------  -------------------
    SLICE_X45Y71.XQ      Tcko                  0.473   clk_div_1/counter<2>
                                                       clk_div_1/counter_2
    SLICE_X45Y71.F3      net (fanout=3)        0.390   clk_div_1/counter<2>
    SLICE_X45Y71.CLK     Tckf        (-Th)    -0.801   clk_div_1/counter<2>
                                                       clk_div_1/counter<2>_rt
                                                       clk_div_1/Mcount_counter_xor<2>
                                                       clk_div_1/counter_2
    -------------------------------------------------  ---------------------------
    Total                                      1.664ns (1.274ns logic, 0.390ns route)
                                                       (76.6% logic, 23.4% route)

--------------------------------------------------------------------------------

Component Switching Limit Checks: NET "Clk_BUFGP/IBUFG" PERIOD = 20 ns HIGH 40%;
--------------------------------------------------------------------------------
Slack: 17.935ns (period - (min high pulse limit / (high pulse / period)))
  Period: 20.000ns
  High pulse: 8.000ns
  High pulse limit: 0.826ns (Tch)
  Physical resource: clk_div_1/CLK_OUT1/CLK
  Logical resource: clk_div_1/CLK_OUT/CK
  Location pin: SLICE_X44Y81.CLK
  Clock network: Clk_BUFGP
--------------------------------------------------------------------------------
Slack: 18.005ns (period - (min high pulse limit / (high pulse / period)))
  Period: 20.000ns
  High pulse: 8.000ns
  High pulse limit: 0.798ns (Tch)
  Physical resource: clk_div_1/counter<0>/CLK
  Logical resource: clk_div_1/counter_0/CK
  Location pin: SLICE_X45Y70.CLK
  Clock network: Clk_BUFGP
--------------------------------------------------------------------------------
Slack: 18.005ns (period - (min high pulse limit / (high pulse / period)))
  Period: 20.000ns
  High pulse: 8.000ns
  High pulse limit: 0.798ns (Tch)
  Physical resource: clk_div_1/counter<0>/CLK
  Logical resource: clk_div_1/counter_1/CK
  Location pin: SLICE_X45Y70.CLK
  Clock network: Clk_BUFGP
--------------------------------------------------------------------------------


All constraints were met.


Data Sheet report:
-----------------
All values displayed in nanoseconds (ns)

Clock to Setup on destination clock Clk
---------------+---------+---------+---------+---------+
               | Src:Rise| Src:Fall| Src:Rise| Src:Fall|
Source Clock   |Dest:Rise|Dest:Rise|Dest:Fall|Dest:Fall|
---------------+---------+---------+---------+---------+
Clk            |    7.429|         |         |         |
---------------+---------+---------+---------+---------+


Timing summary:
---------------

Timing errors: 0  Score: 0  (Setup/Max: 0, Hold: 0)

Constraints cover 2607 paths, 0 nets, and 158 connections

Design statistics:
   Minimum period:   7.429ns{1}   (Maximum frequency: 134.608MHz)


------------------------------------Footnotes-----------------------------------
1)  The minimum period statistic assumes all single cycle delays.

Analysis completed Mon Feb  4 17:56:09 2019 
--------------------------------------------------------------------------------

Trace Settings:
-------------------------
Trace Settings 

Peak Memory Usage: 352 MB



