Command line:
   tb_idea_rcs2_isim_beh.exe
     -simmode  gui
     -simrunnum  0
     -socket  36209

Mon Jan 28 13:49:08 2019


 Elaboration Time: 0.01 sec

 Current Memory Usage: 186.872 Meg

 Total Signals          : 273
 Total Nets             : 2594
 Total Signal Drivers   : 81
 Total Blocks           : 38
 Total Primitive Blocks : 34
 Total Processes        : 58
 Total Traceable Variables  : 26
 Total Scalar Nets and Variables : 3122
Total Line Count : 335

 Total Simulation Time: 0.03 sec

 Current Memory Usage: 262.373 Meg

Mon Jan 28 13:50:02 2019

