Command line:
   tb_keygen_isim_beh.exe
     -simmode  gui
     -simrunnum  0
     -socket  60713

Sat Dec 15 23:17:45 2018


 Elaboration Time: 0.01 sec

 Current Memory Usage: 185.238 Meg

 Total Signals          : 32
 Total Nets             : 1829
 Total Signal Drivers   : 24
 Total Blocks           : 6
 Total Primitive Blocks : 5
 Total Processes        : 18
 Total Traceable Variables  : 17
 Total Scalar Nets and Variables : 2332
Total Line Count : 113

 Total Simulation Time: 0.03 sec

 Current Memory Usage: 260.739 Meg

Sat Dec 15 23:18:37 2018

