Command line:
   tb_idea_isim_beh.exe
     -simmode  gui
     -simrunnum  0
     -socket  56513

Sun Dec 16 12:58:27 2018


 Elaboration Time: 0.02 sec

 Current Memory Usage: 187.273 Meg

 Total Signals          : 239
 Total Nets             : 3160
 Total Signal Drivers   : 97
 Total Blocks           : 36
 Total Primitive Blocks : 32
 Total Processes        : 49
 Total Traceable Variables  : 43
 Total Scalar Nets and Variables : 3785
Total Line Count : 271

 Total Simulation Time: 0.06 sec

 Current Memory Usage: 262.775 Meg

Sun Dec 16 13:00:18 2018

