Running: /opt/Xilinx/14.7/ISE_DS/ISE/bin/lin64/unwrapped/fuse -intstyle ise -incremental -o /home/ck/Documents/Master_TUM/WS_1819/VHDL/Proj1/IDEA/tb_addop_isim_beh.exe -prj /home/ck/Documents/Master_TUM/WS_1819/VHDL/Proj1/IDEA/tb_addop_beh.prj work.tb_addop 
ISim P.20131013 (signature 0xfbc00daa)
Number of CPUs detected in this system: 8
Turning on mult-threading, number of parallel sub-compilation jobs: 16 
Determining compilation order of HDL files
Parsing VHDL file "/home/ck/Documents/Master_TUM/WS_1819/VHDL/Proj1/IDEA/addop.vhd" into library work
Parsing VHDL file "/home/ck/Documents/Master_TUM/WS_1819/VHDL/Proj1/IDEA/tb_addop.vhd" into library work
Starting static elaboration
Completed static elaboration
Fuse Memory Usage: 86428 KB
Fuse CPU Usage: 990 ms
Compiling package standard
Compiling package std_logic_1164
Compiling package numeric_std
Compiling package std_logic_arith
Compiling package std_logic_unsigned
Compiling architecture behavioral of entity addop [\addop(16)\]
Compiling architecture behavioral of entity tb_addop
Time Resolution for simulation is 1ps.
Waiting for 1 sub-compilation(s) to finish...
Compiled 8 VHDL Units
Built simulation executable /home/ck/Documents/Master_TUM/WS_1819/VHDL/Proj1/IDEA/tb_addop_isim_beh.exe
Fuse Memory Usage: 1186452 KB
Fuse CPU Usage: 1170 ms
GCC CPU Usage: 200 ms
